<?xml version="1.0" encoding="UTF-8"?>
<testng-results skipped="0" failed="0" ignored="0" total="1" passed="1">
  <reporter-output>
  </reporter-output>
  <suite name="EnetBankingV1" duration-ms="30069" started-at="2021-05-20T06:48:44Z" finished-at="2021-05-20T06:49:14Z">
    <groups>
    </groups>
    <test name="BankingApp Test" duration-ms="30069" started-at="2021-05-20T06:48:44Z" finished-at="2021-05-20T06:49:14Z">
      <class name="com.enetbanking.testcases.TC_EditCustomer">
        <test-method status="PASS" signature="setup(java.lang.String)[pri:0, instance:com.enetbanking.testcases.TC_EditCustomer@3fee9989]" name="setup" is-config="true" duration-ms="15142" started-at="2021-05-20T06:48:44Z" finished-at="2021-05-20T06:49:00Z">
          <params>
            <param index="0">
              <value>
                <![CDATA[chrome]]>
              </value>
            </param>
          </params>
          <reporter-output>
          </reporter-output>
        </test-method> <!-- setup -->
        <test-method status="PASS" signature="editcustomer()[pri:0, instance:com.enetbanking.testcases.TC_EditCustomer@3fee9989]" name="editcustomer" duration-ms="13901" started-at="2021-05-20T06:49:00Z" finished-at="2021-05-20T06:49:14Z">
          <reporter-output>
          </reporter-output>
        </test-method> <!-- editcustomer -->
        <test-method status="PASS" signature="tearDown()[pri:0, instance:com.enetbanking.testcases.TC_EditCustomer@3fee9989]" name="tearDown" is-config="true" duration-ms="681" started-at="2021-05-20T06:49:14Z" finished-at="2021-05-20T06:49:14Z">
          <reporter-output>
          </reporter-output>
        </test-method> <!-- tearDown -->
      </class> <!-- com.enetbanking.testcases.TC_EditCustomer -->
    </test> <!-- BankingApp Test -->
  </suite> <!-- EnetBankingV1 -->
</testng-results>
