<?xml version="1.0" encoding="UTF-8"?>
<!-- Generated by org.testng.reporters.JUnitXMLReporter -->
<testsuite hostname="DESKTOP-J1PVV9H" ignored="0" name="BankingApp Test" tests="2" failures="0" timestamp="18 May 2021 06:13:31 GMT" time="49.093" errors="0">
  <testcase name="loginTest" time="4.825" classname="com.enetbanking.testcases.TC_LoginTest_001"/>
  <testcase name="addNewCustomer" time="20.82" classname="com.enetbanking.testcases.TC_AddCustomerTest_003"/>
</testsuite> <!-- BankingApp Test -->
